  vjezba8b_placeholder.cpp
C:\Users\ivrod\Documents\irg\irglab\build\irgLab\vjezba8b\vjezba8b_placeholder.cpp(43,17): warning C4244: '=': conversion from 'double' to 'float', possible loss of data
C:\Users\ivrod\Documents\irg\irglab\build\irgLab\vjezba8b\vjezba8b_placeholder.cpp(44,17): warning C4244: '=': conversion from 'double' to 'float', possible loss of data
C:\Users\ivrod\Documents\irg\irglab\build\irgLab\vjezba8b\vjezba8b_placeholder.cpp(48,14): warning C4244: 'initializing': conversion from 'double' to 'float', possible loss of data
C:\Users\ivrod\Documents\irg\irglab\build\irgLab\vjezba8b\vjezba8b_placeholder.cpp(49,14): warning C4244: 'initializing': conversion from 'double' to 'float', possible loss of data
C:\Users\ivrod\Documents\irg\irglab\build\irgLab\vjezba8b\vjezba8b_placeholder.cpp(51,13): warning C4244: '=': conversion from 'double' to 'float', possible loss of data
C:\Users\ivrod\Documents\irg\irglab\build\irgLab\vjezba8b\vjezba8b_placeholder.cpp(52,13): warning C4244: '=': conversion from 'double' to 'float', possible loss of data
C:\Users\ivrod\Documents\irg\irglab\build\irgLab\vjezba8b\vjezba8b_placeholder.cpp(38,33): warning C4100: 'window': unreferenced parameter
C:\Users\ivrod\Documents\irg\irglab\build\irgLab\vjezba8b\vjezba8b_placeholder.cpp(61,14): warning C4100: 'argc': unreferenced parameter
C:\Users\ivrod\Documents\irg\irglab\build\irgLab\vjezba8b\vjezba8b_placeholder.cpp(238,25): warning C4189: 'controlledObject': local variable is initialized but not referenced
  Camera.cpp
  Light.cpp
  Material.cpp
  Mesh.cpp
  Object.cpp
  Renderer.cpp
  Shader.cpp
C:\Users\ivrod\Documents\irg\irglab\build\irgLab\vjezba8b\Shader.cpp(64,7): warning C4101: 'infoLog': unreferenced local variable
C:\Users\ivrod\Documents\irg\irglab\build\irgLab\vjezba8b\Shader.cpp(62,33): warning C4101: 'geometry': unreferenced local variable
C:\Users\ivrod\Documents\irg\irglab\build\irgLab\vjezba8b\Shader.cpp(63,6): warning C4101: 'success': unreferenced local variable
  Transform.cpp
  Generating Code...
  glad.c
  vjezba8b.vcxproj -> C:\Users\ivrod\Documents\irg\irglab\build\vjezba8b\Debug\vjezba8b.exe
