KCPSM6 Assembler log file for program 'C:\Users\rodak\Documents\URS\URSLAB4_2\program.psm'.
Generated by KCPSM6 version v2.70
Ken Chapman - Xilinx Ltd - 16th May 2014

Assembly datestamp: 18 Jun 2025
Assembly timestamp: 22:01:18

Contents
  Assembly listing
  List of PSM files
  List of CONSTANTs
  List of TABLEs
  List of STRINGs
  List of line labels
  Instruction usage statistics


Last occupied address: 031 hex
Nominal program memory size: 1K (1024)   address(9:0)
Actual memory size: 4096
  (Default memory size)
Occupied memory locations: 50
Memory locations available: 4046


Assembly listing

 Addr Code             Instruction

 000  01600            LOAD s6, 00
 001  09010            INPUT s0, 10
 002  10600            ADD s6, s0
 003  00800            LOAD s8, s0
 004  00700            LOAD s7, s0
 005  09110            INPUT s1, 10
 006  10610            ADD s6, s1
 007  1C180            COMPARE s1, s8
 008  3E00A            JUMP NC, 00A[SKIP1]
 009  00810            LOAD s8, s1
 00A            SKIP1: 
 00A  1C170            COMPARE s1, s7
 00B  3A00D            JUMP C, 00D[SKIP2]
 00C  00710            LOAD s7, s1
 00D            SKIP2: 
 00D  09210            INPUT s2, 10
 00E  10620            ADD s6, s2
 00F  1C280            COMPARE s2, s8
 010  3E012            JUMP NC, 012[SKIP3]
 011  00820            LOAD s8, s2
 012            SKIP3: 
 012  1C270            COMPARE s2, s7
 013  3A015            JUMP C, 015[SKIP4]
 014  00720            LOAD s7, s2
 015            SKIP4: 
 015  2D000            OUTPUT s0, 00
 016  2D100            OUTPUT s1, 00
 017  2D200            OUTPUT s2, 00
 018  0142F            LOAD s4, 2F[47'd]
 019  01900            LOAD s9, 00
 01A             LOOP: 
 01A  09010            INPUT s0, 10
 01B  10600            ADD s6, s0
 01C  2D000            OUTPUT s0, 00
 01D  09501            INPUT s5, 01
 01E  2D520            OUTPUT s5, 20
 01F  1C070            COMPARE s0, s7
 020  3A022            JUMP C, 022[CONTINUE]
 021  00700            LOAD s7, s0
 022         CONTINUE: 
 022  1C080            COMPARE s0, s8
 023  3A028            JUMP C, 028[LESS]
 024              END: 
 024  19401            SUB s4, 01[1'd]
 025  1D400            COMPARE s4, 00
 026  3601A            JUMP NZ, 01A[LOOP]
 027  2202A            JUMP 02A[SEND]
 028             LESS: 
 028  00800            LOAD s8, s0
 029  22024            JUMP 024[END]
 02A             SEND: 
 02A  1D632            COMPARE s6, 32[50'd]
 02B  3A02E            JUMP C, 02E[DONE]
 02C  11901            ADD s9, 01[1'd]
 02D  2202A            JUMP 02A[SEND]
 02E             DONE: 
 02E  2D930            OUTPUT s9, 30
 02F  2D750            OUTPUT s7, 50
 030  2D840            OUTPUT s8, 40
 031            STUCC: 
 031  22031            JUMP 031[STUCC]


All unused memory locations contain zero (equivalent to 'LOAD s0, s0')



List of PSM files that have been assembled

C:\Users\rodak\Documents\URS\URSLAB4_2\program.psm



List of defined constants

 CONSTANT name     Value        Source PSM File

 timestamp_hours   22'd         
 timestamp_minutes 01'd         
 timestamp_seconds 18'd         
 datestamp_year    25'd         
 datestamp_month   6'd          
 datestamp_day     18'd         
 NUL               00           
 BEL               07           
 BS                08           
 HT                09           
 LF                0A           
 VT                0B           
 CR                0D           
 ESC               1B           
 DEL               7F           
 DCS               90           
 ST                9C           



No TABLEs defined



List of text strings

 STRING name       String         Source PSM File

 KCPSM6_version$   "v2.70"        
 datestamp$        "18 Jun 2025"  
 timestamp$        "22:01:18"     



List of line labels

   Label      Addr  Source PSM File

   SKIP1      00A   program.psm
   SKIP2      00D   program.psm
   SKIP3      012   program.psm
   SKIP4      015   program.psm
   LOOP       01A   program.psm
   CONTINUE   022   program.psm
   END        024   program.psm
   LESS       028   program.psm
   SEND       02A   program.psm
   DONE       02E   program.psm
   STUCC      031   program.psm



Instruction usage statistics

 Instruction    Instances

 LOAD             11
 STAR              -

 AND               -
 OR                -
 XOR               -

 ADD               5
 ADDCY             -
 SUB               1
 SUBCY             -

 TEST              -
 TESTCY            -
 COMPARE           8
 COMPARECY         -

 SL0               -
 SL1               -
 SLX               -
 SLA               -
 RL                -
 SR0               -
 SR1               -
 SRX               -
 SRA               -
 RR                -

 REGBANK           -

 INPUT             5
 OUTPUT            8
 OUTPUTK           -

 STORE             -
 FETCH             -

 DISABLE           -
 ENABLE            -
 RETURNI           -

 JUMP             12
 JUMP@             -
 CALL              -
 CALL@             -
 RETURN            -
 LOAD&RETURN       -

 HWBUILD           -



End of KCPSM6 log file.
