  vjezba9_placeholder.cpp
C:\Users\ivrod\Documents\irg\irglab\build\irgLab\vjezba9\vjezba9_placeholder.cpp(46,17): warning C4244: '=': conversion from 'double' to 'float', possible loss of data
C:\Users\ivrod\Documents\irg\irglab\build\irgLab\vjezba9\vjezba9_placeholder.cpp(47,17): warning C4244: '=': conversion from 'double' to 'float', possible loss of data
C:\Users\ivrod\Documents\irg\irglab\build\irgLab\vjezba9\vjezba9_placeholder.cpp(51,14): warning C4244: 'initializing': conversion from 'double' to 'float', possible loss of data
C:\Users\ivrod\Documents\irg\irglab\build\irgLab\vjezba9\vjezba9_placeholder.cpp(52,14): warning C4244: 'initializing': conversion from 'double' to 'float', possible loss of data
C:\Users\ivrod\Documents\irg\irglab\build\irgLab\vjezba9\vjezba9_placeholder.cpp(54,13): warning C4244: '=': conversion from 'double' to 'float', possible loss of data
C:\Users\ivrod\Documents\irg\irglab\build\irgLab\vjezba9\vjezba9_placeholder.cpp(55,13): warning C4244: '=': conversion from 'double' to 'float', possible loss of data
C:\Users\ivrod\Documents\irg\irglab\build\irgLab\vjezba9\vjezba9_placeholder.cpp(41,33): warning C4100: 'window': unreferenced parameter
C:\Users\ivrod\Documents\irg\irglab\build\irgLab\vjezba9\vjezba9_placeholder.cpp(198,27): warning C4018: '<': signed/unsigned mismatch
C:\Users\ivrod\Documents\irg\irglab\build\irgLab\vjezba9\vjezba9_placeholder.cpp(64,14): warning C4100: 'argc': unreferenced parameter
C:\Users\ivrod\Documents\irg\irglab\build\irgLab\vjezba9\vjezba9_placeholder.cpp(252,23): warning C4101: 'ambientColor': unreferenced local variable
C:\Users\ivrod\Documents\irg\irglab\build\irgLab\vjezba9\vjezba9_placeholder.cpp(319,25): warning C4189: 'controlledObject': local variable is initialized but not referenced
  Camera.cpp
  Light.cpp
  Material.cpp
  Mesh.cpp
  Object.cpp
  Renderer.cpp
  Shader.cpp
C:\Users\ivrod\Documents\irg\irglab\build\irgLab\vjezba9\Shader.cpp(63,7): warning C4101: 'infoLog': unreferenced local variable
C:\Users\ivrod\Documents\irg\irglab\build\irgLab\vjezba9\Shader.cpp(61,33): warning C4101: 'geometry': unreferenced local variable
C:\Users\ivrod\Documents\irg\irglab\build\irgLab\vjezba9\Shader.cpp(62,6): warning C4101: 'success': unreferenced local variable
  Transform.cpp
  Generating Code...
C:\Users\ivrod\Documents\irg\irglab\build\irgLab\vjezba9\vjezba9_placeholder.cpp(232,1): warning C4701: potentially uninitialized local variable 'format' used
  glad.c
  vjezba9.vcxproj -> C:\Users\ivrod\Documents\irg\irglab\build\vjezba9\Debug\vjezba9.exe
